[35m[Appium][39m Welcome to Appium v2.5.1
[35m[Appium][39m Non-default server args:
[35m[Appium][39m { basePath: [32m'/wd/hub'[39m, loglevel: [32m'info'[39m, port: [33m54604[39m }
[35m[Appium][39m Attempting to load driver uiautomator2...
[35m[Appium][39m Appium REST http interface listener started on http://0.0.0.0:54604/wd/hub
[35m[Appium][39m You can provide the following URLs in your client code to connect to this server:
[35m[Appium][39m 	http://192.168.68.109:54604/wd/hub
[35m[Appium][39m 	http://127.0.0.1:54604/wd/hub (only accessible from the same host)
[35m[Appium][39m Available drivers:
[35m[Appium][39m   - uiautomator2@3.0.5 (automationName 'UiAutomator2')
[35m[Appium][39m No plugins have been installed. Use the "appium plugin" command to install the one(s) you want to use.
[38;5;0m[HTTP][0m [37m-->[39m [37mGET[39m [37m/wd/hub/status[39m
[38;5;0m[HTTP][0m [90m{}[39m
[38;5;0m[HTTP][0m [37m<-- GET /wd/hub/status [39m[32m200[39m [90m8 ms - 110[39m
[38;5;0m[HTTP][0m [90m[39m
[38;5;0m[HTTP][0m [37m-->[39m [37mGET[39m [37m/wd/hub/status[39m
[38;5;0m[HTTP][0m [90m{}[39m
[38;5;0m[HTTP][0m [37m<-- GET /wd/hub/status [39m[32m200[39m [90m1 ms - 110[39m
[38;5;0m[HTTP][0m [90m[39m
[38;5;0m[HTTP][0m [37m-->[39m [37mPOST[39m [37m/wd/hub/session[39m
[38;5;0m[HTTP][0m [90m{"desiredCapabilities":{"appium:systemPort":8245,"appium:newCommandTimeout":1800,"appium:automationName":"uiautomator2","appium:platformVersion":"12","appium:deviceId":"726bce80","appium:udid":"726bce80","appium:autoGrantPermissions":true,"appium:platformName":"ANDROID","appium:property":"appWaitActivity: *","appium:appActivity":".Settings","appium:deviceName":"OPPO CPH2113 (Android 12)","platformName":"Android","appium:appPackage":"com.android.settings"},"capabilities":{"firstMatch":[{"appium:appActivity":".Settings","appium:appPackage":"com.android.settings","appium:autoGrantPermissions":true,"appium:automationName":"uiautomator2","appium:deviceId":"726bce80","appium:deviceName":"OPPO CPH2113 (Android 12)","appium:newCommandTimeout":1800,"appium:platformName":"ANDROID","appium:platformVersion":"12","appium:property":"appWaitActivity: *","appium:systemPort":8245,"appium:udid":"726bce80","platformName":"android"}]}}[39m
[38;5;32m[BaseDriver][0m Ignoring capability 'appium:platformName=ANDROID' and using capability 'platformName=android'
[38;5;32m[BaseDriver][0m The capabilities ["platformName"] are standard capabilities and do not require "appium:" prefix
[35m[Appium][39m Attempting to find matching driver for automationName 'uiautomator2' and platformName 'android'
[35m[Appium][39m The 'uiautomator2' driver was installed and matched caps.
[35m[Appium][39m Will require it at C:\Users\ylwon\.appium\node_modules\appium-uiautomator2-driver
[38;5;16m[AppiumDriver@9aa7][0m Appium v2.5.1 creating new AndroidUiautomator2Driver (v3.0.5) session
[38;5;16m[AppiumDriver@9aa7][0m Checking BaseDriver versions for Appium and AndroidUiautomator2Driver
[38;5;16m[AppiumDriver@9aa7][0m Appium's BaseDriver version is 9.5.2
[38;5;16m[AppiumDriver@9aa7][0m AndroidUiautomator2Driver's BaseDriver version is 9.5.2
[38;5;48m[AndroidUiautomator2Driver@9d76][0m The following provided capabilities were not recognized by this driver:
[38;5;48m[AndroidUiautomator2Driver@9d76][0m   deviceId
[38;5;48m[AndroidUiautomator2Driver@9d76][0m   property
[38;5;48m[AndroidUiautomator2Driver@9d76 (65368bae)][0m Session created with session id: 65368bae-100a-41e8-bb24-147ed9825261
[38;5;64m[ADB][0m Found 1 'build-tools' folders under 'C:\Users\ylwon\.katalon\tools\android_sdk' (newest first):
[38;5;64m[ADB][0m     C:\Users\ylwon\.katalon\tools\android_sdk\build-tools\29.0.3
[38;5;64m[ADB][0m Using 'adb.exe' from 'C:\Users\ylwon\.katalon\tools\android_sdk\platform-tools\adb.exe'
[38;5;48m[AndroidUiautomator2Driver@9d76 (65368bae)][0m Retrieving device list
[38;5;48m[AndroidUiautomator2Driver@9d76 (65368bae)][0m Using device: 726bce80
[38;5;64m[ADB][0m Using 'adb.exe' from 'C:\Users\ylwon\.katalon\tools\android_sdk\platform-tools\adb.exe'
[38;5;48m[AndroidUiautomator2Driver@9d76 (65368bae)][0m Starting 'com.android.settings' directly on the device
[38;5;64m[ADB][0m Getting device platform version
[38;5;48m[AndroidUiautomator2Driver@9d76 (65368bae)][0m Relaxing hidden api policy
[38;5;48m[AndroidUiautomator2Driver@9d76 (65368bae)][0m No app sent in, not parsing package/activity
[38;5;64m[ADB][0m Using 'apksigner.jar' from 'C:\Users\ylwon\.katalon\tools\android_sdk\build-tools\29.0.3\lib\apksigner.jar'
[38;5;64m[ADB][0m 'C:\Users\ylwon\.appium\node_modules\appium-uiautomator2-driver\node_modules\appium-uiautomator2-server\apks\appium-uiautomator2-server-debug-androidTest.apk' is signed with the default certificate
[38;5;64m[ADB][0m com.android.settings contains no permissions available for granting
[38;5;64m[ADB][0m 'C:\Users\ylwon\.appium\node_modules\appium-uiautomator2-driver\node_modules\appium-uiautomator2-server\apks\appium-uiautomator2-server-v7.0.5.apk' is signed with the default certificate
[38;5;48m[AndroidUiautomator2Driver@9d76 (65368bae)][0m Server packages are not going to be (re)installed
[38;5;64m[ADB][0m Adding packages ["io.appium.settings","io.appium.uiautomator2.server","io.appium.uiautomator2.server.test"] to Doze whitelist
[38;5;48m[AndroidUiautomator2Driver@9d76 (65368bae)][0m Starting UIAutomator2 server 7.0.5
[38;5;48m[AndroidUiautomator2Driver@9d76 (65368bae)][0m Using UIAutomator2 server from 'C:\Users\ylwon\.appium\node_modules\appium-uiautomator2-driver\node_modules\appium-uiautomator2-server\apks\appium-uiautomator2-server-v7.0.5.apk' and test from 'C:\Users\ylwon\.appium\node_modules\appium-uiautomator2-driver\node_modules\appium-uiautomator2-server\apks\appium-uiautomator2-server-debug-androidTest.apk'
[38;5;48m[AndroidUiautomator2Driver@9d76 (65368bae)][0m Waiting up to 30000ms for UiAutomator2 to be online...
[38;5;48m[AndroidUiautomator2Driver@9d76 (65368bae)][0m socket hang up
[38;5;48m[AndroidUiautomator2Driver@9d76 (65368bae)][0m socket hang up
[38;5;48m[AndroidUiautomator2Driver@9d76 (65368bae)][0m Determined the downstream protocol as 'W3C'
[38;5;48m[AndroidUiautomator2Driver@9d76 (65368bae)][0m Screen already unlocked, doing nothing
[38;5;48m[AndroidUiautomator2Driver@9d76 (65368bae)][0m Starting 'com.android.settings/.Settings and waiting for 'com.android.settings/.Settings'
[38;5;16m[AppiumDriver@9aa7][0m New AndroidUiautomator2Driver session created successfully, session 65368bae-100a-41e8-bb24-147ed9825261 added to master session list
[38;5;0m[HTTP][0m [37m<-- POST /wd/hub/session [39m[32m200[39m [90m9659 ms - 1173[39m
[38;5;0m[HTTP][0m [90m[39m
[38;5;0m[HTTP][0m [37m-->[39m [37mGET[39m [37m/wd/hub/session/65368bae-100a-41e8-bb24-147ed9825261[39m
[38;5;0m[HTTP][0m [90m{}[39m
[38;5;0m[HTTP][0m [37m<-- GET /wd/hub/session/65368bae-100a-41e8-bb24-147ed9825261 [39m[32m200[39m [90m26 ms - 359[39m
[38;5;0m[HTTP][0m [90m[39m
[38;5;0m[HTTP][0m [37m-->[39m [37mGET[39m [37m/wd/hub/session/65368bae-100a-41e8-bb24-147ed9825261[39m
[38;5;0m[HTTP][0m [90m{}[39m
[38;5;0m[HTTP][0m [37m<-- GET /wd/hub/session/65368bae-100a-41e8-bb24-147ed9825261 [39m[32m200[39m [90m15 ms - 359[39m
[38;5;0m[HTTP][0m [90m[39m
[38;5;0m[HTTP][0m [37m-->[39m [37mGET[39m [37m/wd/hub/status[39m
[38;5;0m[HTTP][0m [90m{}[39m
[38;5;0m[HTTP][0m [37m<-- GET /wd/hub/status [39m[32m200[39m [90m1 ms - 110[39m
[38;5;0m[HTTP][0m [90m[39m
[38;5;0m[HTTP][0m [37m-->[39m [37mPOST[39m [37m/wd/hub/session/65368bae-100a-41e8-bb24-147ed9825261/timeouts[39m
[38;5;0m[HTTP][0m [90m{"implicit":60000}[39m
[38;5;0m[HTTP][0m [37m<-- POST /wd/hub/session/65368bae-100a-41e8-bb24-147ed9825261/timeouts [39m[32m200[39m [90m3 ms - 14[39m
[38;5;0m[HTTP][0m [90m[39m
[38;5;0m[HTTP][0m [37m-->[39m [37mGET[39m [37m/wd/hub/session/65368bae-100a-41e8-bb24-147ed9825261/appium/device/system_bars[39m
[38;5;0m[HTTP][0m [90m{}[39m
[38;5;0m[HTTP][0m [37m<-- GET /wd/hub/session/65368bae-100a-41e8-bb24-147ed9825261/appium/device/system_bars [39m[32m200[39m [90m150 ms - 152[39m
[38;5;0m[HTTP][0m [90m[39m
[38;5;0m[HTTP][0m [37m-->[39m [37mPOST[39m [37m/wd/hub/session/65368bae-100a-41e8-bb24-147ed9825261/appium/device/activate_app[39m
[38;5;0m[HTTP][0m [90m{"bundleId":"com.cubevalue.bisync&hl=en&gl=US"}[39m
[38;5;0m[HTTP][0m [37m<-- POST /wd/hub/session/65368bae-100a-41e8-bb24-147ed9825261/appium/device/activate_app [39m[32m200[39m [90m279 ms - 14[39m
[38;5;0m[HTTP][0m [90m[39m
[38;5;0m[HTTP][0m [37m-->[39m [37mGET[39m [37m/wd/hub/session/65368bae-100a-41e8-bb24-147ed9825261/source[39m
[38;5;0m[HTTP][0m [90m{}[39m
[38;5;48m[AndroidUiautomator2Driver@9d76 (65368bae)][0m Driver proxy active, passing request on via HTTP proxy
[38;5;48m[AndroidUiautomator2Driver@9d76 (65368bae)][0m Replacing sessionId 3ad5e15d-f2c8-43ed-aac3-163c2bd41105 with 65368bae-100a-41e8-bb24-147ed9825261
[38;5;0m[HTTP][0m [37m<-- GET /wd/hub/session/65368bae-100a-41e8-bb24-147ed9825261/source [39m[32m200[39m [90m613 ms - 7507[39m
[38;5;0m[HTTP][0m [90m[39m
[38;5;0m[HTTP][0m [37m-->[39m [37mGET[39m [37m/wd/hub/session/65368bae-100a-41e8-bb24-147ed9825261/screenshot[39m
[38;5;0m[HTTP][0m [90m{}[39m
[38;5;0m[HTTP][0m [37m<-- GET /wd/hub/session/65368bae-100a-41e8-bb24-147ed9825261/screenshot [39m[32m200[39m [90m492 ms - 112852[39m
[38;5;0m[HTTP][0m [90m[39m
